<?xml version="1.0" encoding="UTF-8"?>
<!-- Generated by org.testng.reporters.JUnitXMLReporter -->
<testsuite hostname="Shona-KH9V41E" ignored="0" name="Surefire test" tests="6" failures="0" timestamp="16 Mar 2019 09:03:00 GMT" time="0.097" errors="0">
  <testcase name="logout on logout(maventest.Test1)" time="0.02" classname="maventest.Test1"/>
  <testcase name="login on login(maventest.Test1)" time="0.019" classname="maventest.Test1"/>
  <testcase name="cardlogin on cardlogin(maventest.Test2)" time="0.001" classname="maventest.Test2"/>
  <testcase name="cardlogout on cardlogout(maventest.Test2)" time="0.002" classname="maventest.Test2"/>
  <testcase name="instalogin on instalogin(maventest.Test3)" time="0.0" classname="maventest.Test3"/>
  <testcase name="instlogout on instlogout(maventest.Test3)" time="0.0" classname="maventest.Test3"/>
</testsuite> <!-- Surefire test -->
